<?xml version="1.0" encoding="UTF-8"?>
<!-- Generated by org.testng.reporters.JUnitReportReporter -->
<testsuite hostname="DESKTOP-RT4D28D" failures="0" tests="5" name="tests.DynamicLibraryAPITest" time="25.735" errors="0" timestamp="30 Jan 2021 17:39:35 GMT" skipped="0">
  <testcase classname="tests.DynamicLibraryAPITest" name="addBook" time="0.864"/>
  <testcase classname="tests.DynamicLibraryAPITest" name="addBook" time="0.864"/>
  <testcase classname="tests.DynamicLibraryAPITest" name="addBook" time="1.072"/>
  <testcase classname="tests.DynamicLibraryAPITest" name="addBook" time="0.863"/>
  <testcase classname="tests.DynamicLibraryAPITest" name="addBook" time="22.072"/>
</testsuite> <!-- tests.DynamicLibraryAPITest -->
