<?xml version="1.0" encoding="UTF-8"?>
<!-- Generated by org.testng.reporters.JUnitReportReporter -->
<testsuite hostname="DESKTOP-RT4D28D" failures="0" tests="5" name="rsa_maps.DynamicLibraryAPITest" time="20.045" errors="0" timestamp="23 Jan 2021 19:53:53 GMT" skipped="0">
  <testcase classname="rsa_maps.DynamicLibraryAPITest" name="addBook" time="17.035"/>
  <testcase classname="rsa_maps.DynamicLibraryAPITest" name="addBook" time="0.641"/>
  <testcase classname="rsa_maps.DynamicLibraryAPITest" name="addBook" time="0.874"/>
  <testcase classname="rsa_maps.DynamicLibraryAPITest" name="addBook" time="0.732"/>
  <testcase classname="rsa_maps.DynamicLibraryAPITest" name="addBook" time="0.763"/>
</testsuite> <!-- rsa_maps.DynamicLibraryAPITest -->
