<?xml version="1.0" encoding="UTF-8"?>
<!-- Generated by org.testng.reporters.JUnitReportReporter -->
<testsuite hostname="DESKTOP-RT4D28D" failures="0" tests="9" name="rsa_maps.CreateJiraIssue" time="22.902" errors="0" timestamp="26 Jan 2021 21:29:06 GMT" skipped="0">
  <testcase classname="rsa_maps.CreateJiraIssue" name="getJSessionId" time="13.092"/>
  <testcase classname="rsa_maps.CreateJiraIssue" name="createBug" time="1.733"/>
  <testcase classname="rsa_maps.CreateJiraIssue" name="addBugComment" time="0.982"/>
  <testcase classname="rsa_maps.CreateJiraIssue" name="addBugComment" time="0.707"/>
  <testcase classname="rsa_maps.CreateJiraIssue" name="addBugComment" time="0.598"/>
  <testcase classname="rsa_maps.CreateJiraIssue" name="addBugComment" time="1.035"/>
  <testcase classname="rsa_maps.CreateJiraIssue" name="addBugComment" time="0.683"/>
  <testcase classname="rsa_maps.CreateJiraIssue" name="addBugAttachment" time="1.535"/>
  <testcase classname="rsa_maps.CreateJiraIssue" name="getBugDetails" time="2.537"/>
</testsuite> <!-- rsa_maps.CreateJiraIssue -->
