<?xml version="1.0" encoding="UTF-8"?>
<!-- Generated by org.testng.reporters.JUnitReportReporter -->
<testsuite hostname="DESKTOP-RT4D28D" failures="0" tests="1" name="rsa_maps.StaticLibraryAPITest" time="17.994" errors="0" timestamp="23 Jan 2021 22:19:19 GMT" skipped="0">
  <testcase classname="rsa_maps.StaticLibraryAPITest" name="addBook" time="17.994"/>
</testsuite> <!-- rsa_maps.StaticLibraryAPITest -->
